000 (246175.000.000) 05/16 14:37:07 Job submitted from host: <172.20.12.20:46570>
...
001 (246175.000.000) 05/16 14:37:08 Job executing on host: <172.20.15.171:49928?noUDP>
...
006 (246175.000.000) 05/16 14:37:17 Image size of job updated: 1616552
	1579  -  MemoryUsage of job (MB)
	1616552  -  ResidentSetSize of job (KB)
...
006 (246175.000.000) 05/16 14:42:18 Image size of job updated: 98913044
	96595  -  MemoryUsage of job (MB)
	98913044  -  ResidentSetSize of job (KB)
...
006 (246175.000.000) 05/16 14:47:19 Image size of job updated: 243758492
	231061  -  MemoryUsage of job (MB)
	236605640  -  ResidentSetSize of job (KB)
...
005 (246175.000.000) 05/16 16:08:48 Job terminated.
	(1) Normal termination (return value 0)
		Usr 0 03:42:21, Sys 0 00:20:18  -  Run Remote Usage
		Usr 0 00:00:00, Sys 0 00:00:00  -  Run Local Usage
		Usr 0 03:42:21, Sys 0 00:20:18  -  Total Remote Usage
		Usr 0 00:00:00, Sys 0 00:00:00  -  Total Local Usage
	0  -  Run Bytes Sent By Job
	0  -  Run Bytes Received By Job
	0  -  Total Bytes Sent By Job
	0  -  Total Bytes Received By Job
	Partitionable Resources :    Usage  Request Allocated
	   Cpus                 :                12        12
	   Disk (KB)            :       12  8388608   9543255
	   Memory (MB)          :   231061   147456    147456
	   Multinode            :                           1
...
